                            latency            interval
transaction        0            1            2
transaction        1            1            2
transaction        2            1            2
transaction        3            1            2
transaction        4            1            2
transaction        5            1            2
transaction        6            1            2
transaction        7            1            2
transaction        8            1            2
transaction        9            1            2
transaction        10            1            2
transaction        11            1            2
transaction        12            1            2
transaction        13            1            2
transaction        14            1            2
transaction        15            1            2
transaction        16            1            2
transaction        17            1            2
transaction        18            1            2
transaction        19            1            2
transaction        20            1            2
transaction        21            1            2
transaction        22            1            2
transaction        23            1            2
transaction        24            1            2
transaction        25            1            2
transaction        26            1            2
transaction        27            1            2
transaction        28            1            2
transaction        29            1            2
transaction        30            1            2
transaction        31            1            2
transaction        32            1            2
transaction        33            1            2
transaction        34            1            2
transaction        35            1            2
transaction        36            1            2
transaction        37            1            2
transaction        38            1            2
transaction        39            1            2
transaction        40            1            2
transaction        41            1            2
transaction        42            1            2
transaction        43            1            2
transaction        44            1            2
transaction        45            1            2
transaction        46            1            2
transaction        47            1            2
transaction        48            1            2
transaction        49            1            2
transaction        50            1            2
transaction        51            1            2
transaction        52            1            2
transaction        53            1            2
transaction        54            1            2
transaction        55            1            2
transaction        56            1            2
transaction        57            1            2
transaction        58            1            2
transaction        59            1            2
transaction        60            1            2
transaction        61            1            2
transaction        62            1            2
transaction        63            1            2
transaction        64            1            2
transaction        65            1            2
transaction        66            1            2
transaction        67            1            2
transaction        68            1            2
transaction        69            1            2
transaction        70            1            2
transaction        71            1            2
transaction        72            1            2
transaction        73            1            2
transaction        74            1            2
transaction        75            1            2
transaction        76            1            2
transaction        77            1            2
transaction        78            1            2
transaction        79            1            2
transaction        80            1            2
transaction        81            1            2
transaction        82            1            2
transaction        83            1            2
transaction        84            1            2
transaction        85            1            2
transaction        86            1            2
transaction        87            1            2
transaction        88            1            2
transaction        89            1            2
transaction        90            1            2
transaction        91            1            2
transaction        92            1            2
transaction        93            1            2
transaction        94            1            2
transaction        95            1            2
transaction        96            1            2
transaction        97            1            2
transaction        98            1            2
transaction        99            1            -2147483648
