

================================================================
== Vivado HLS Report for 'axi_stream_counter'
================================================================
* Date:           Fri Jun 10 17:01:58 2022

* Version:        2016.2 (Build 1577090 on Thu Jun 02 16:59:10 MDT 2016)
* Project:        axi_stream_counter
* Solution:       solution1
* Product family: zynq
* Target device:  xc7z020clg484-1


================================================================
== Performance Estimates
================================================================
+ Timing (ns): 
    * Summary: 
    +--------+-------+----------+------------+
    |  Clock | Target| Estimated| Uncertainty|
    +--------+-------+----------+------------+
    |ap_clk  |  10.00|      2.44|        1.25|
    +--------+-------+----------+------------+

+ Latency (clock cycles): 
    * Summary: 
    +-----+-----+-----+-----+---------+
    |  Latency  |  Interval | Pipeline|
    | min | max | min | max |   Type  |
    +-----+-----+-----+-----+---------+
    |    0|    0|    1|    1|   none  |
    +-----+-----+-----+-----+---------+

    + Detail: 
        * Instance: 
        N/A

        * Loop: 
        N/A



================================================================
== Utilization Estimates
================================================================
* Summary: 
+-----------------+---------+-------+--------+-------+
|       Name      | BRAM_18K| DSP48E|   FF   |  LUT  |
+-----------------+---------+-------+--------+-------+
|DSP              |        -|      -|       -|      -|
|Expression       |        -|      -|       0|     33|
|FIFO             |        -|      -|       -|      -|
|Instance         |        -|      -|       -|      -|
|Memory           |        -|      -|       -|      -|
|Multiplexer      |        -|      -|       -|      2|
|Register         |        -|      -|      34|      -|
+-----------------+---------+-------+--------+-------+
|Total            |        0|      0|      34|     35|
+-----------------+---------+-------+--------+-------+
|Available        |      280|    220|  106400|  53200|
+-----------------+---------+-------+--------+-------+
|Utilization (%)  |        0|      0|   ~0   |   ~0  |
+-----------------+---------+-------+--------+-------+

+ Detail: 
    * Instance: 
    N/A

    * DSP48: 
    N/A

    * Memory: 
    N/A

    * FIFO: 
    N/A

    * Expression: 
    +------------------------------+----------+-------+---+----+------------+------------+
    |         Variable Name        | Operation| DSP48E| FF| LUT| Bitwidth P0| Bitwidth P1|
    +------------------------------+----------+-------+---+----+------------+------------+
    |counterValue_assign_fu_33_p2  |     +    |      0|  0|  32|          32|           1|
    |ap_sig_62                     |    and   |      0|  0|   1|           1|           1|
    +------------------------------+----------+-------+---+----+------------+------------+
    |Total                         |          |      0|  0|  33|          33|           2|
    +------------------------------+----------+-------+---+----+------------+------------+

    * Multiplexer: 
    +--------------------------------------+----+-----------+-----+-----------+
    |                 Name                 | LUT| Input Size| Bits| Total Bits|
    +--------------------------------------+----+-----------+-----+-----------+
    |ap_sig_ioackin_counter_output_TREADY  |   1|          2|    1|          2|
    |counter_output_TDATA_blk_n            |   1|          2|    1|          2|
    +--------------------------------------+----+-----------+-----+-----------+
    |Total                                 |   2|          4|    2|          4|
    +--------------------------------------+----+-----------+-----+-----------+

    * Register: 
    +--------------------------------------+----+----+-----+-----------+
    |                 Name                 | FF | LUT| Bits| Const Bits|
    +--------------------------------------+----+----+-----+-----------+
    |ap_CS_fsm                             |   1|   0|    1|          0|
    |ap_reg_ioackin_counter_output_TREADY  |   1|   0|    1|          0|
    |counterValue                          |  32|   0|   32|          0|
    +--------------------------------------+----+----+-----+-----------+
    |Total                                 |  34|   0|   34|          0|
    +--------------------------------------+----+----+-----+-----------+



================================================================
== Interface
================================================================
* Summary: 
+-----------------------+-----+-----+------------+--------------------+--------------+
|       RTL Ports       | Dir | Bits|  Protocol  |    Source Object   |    C Type    |
+-----------------------+-----+-----+------------+--------------------+--------------+
|ap_clk                 |  in |    1| ap_ctrl_hs | axi_stream_counter | return value |
|ap_rst_n               |  in |    1| ap_ctrl_hs | axi_stream_counter | return value |
|ap_start               |  in |    1| ap_ctrl_hs | axi_stream_counter | return value |
|ap_done                | out |    1| ap_ctrl_hs | axi_stream_counter | return value |
|ap_idle                | out |    1| ap_ctrl_hs | axi_stream_counter | return value |
|ap_ready               | out |    1| ap_ctrl_hs | axi_stream_counter | return value |
|ap_return              | out |   32| ap_ctrl_hs | axi_stream_counter | return value |
|counter_output_TDATA   | out |   32|    axis    |   counter_output   |    pointer   |
|counter_output_TVALID  | out |    1|    axis    |   counter_output   |    pointer   |
|counter_output_TREADY  |  in |    1|    axis    |   counter_output   |    pointer   |
+-----------------------+-----+-----+------------+--------------------+--------------+

