==============================================================
File generated by Vivado(TM) HLS - High-Level Synthesis from C, C++ and SystemC
Version: 2016.2
Copyright (C) 1986-2016 Xilinx, Inc. All Rights Reserved.

==============================================================

@I [SYN-201] Setting up clock 'default' with a period of 10ns.
@I [HLS-10] Setting target device to 'xc7z020clg484-1'
@I [IMPL-8] Exporting RTL as an IP in IP-XACT.
@E [IMPL-28] Failed to generate IP.
command 'ap_source' returned error code
    while executing
"source /es_home/aali/VivadoProjects/session_6/axi_stream_counter/solution1/export.tcl"
    invoked from within
"hls::main /es_home/aali/VivadoProjects/session_6/axi_stream_counter/solution1/export.tcl"
    ("uplevel" body line 1)
    invoked from within
"uplevel 1 hls::main {*}$args"
    (procedure "hls_proc" line 5)
    invoked from within
"hls_proc $argv"
