MIG: 11:34:28 : xml_input_file: board.prj
MIG: 11:34:28 : Absolute path of xml_input_file: /es_home/aali/VivadoProjects/session_4/example_system/example_system.srcs/sources_1/bd/design_1/ip/design_1_mig_7series_0_0/board.prj
MIG: 11:34:28 : xml_input_file: board.prj
MIG: 11:34:28 : Absolute path of xml_input_file: /es_home/aali/VivadoProjects/session_4/example_system/example_system.srcs/sources_1/bd/design_1/ip/design_1_mig_7series_0_0/board.prj
MIG: 11:34:28 : In updateAllModelParams
MIG: 11:34:28 : ################# RUNNING MIG BATCH ###################
MIG: 11:34:28 : Writing IN file for 'design_1_mig_7series_0_0'...compDirPath: /opt/Xilinx/Vivado/2016.2/data/ip/xilinx/mig_7series_v4_0... instDirPath: /es_home/aali/VivadoProjects/session_4/example_system/example_system.srcs/sources_1/bd/design_1/ip/design_1_mig_7series_0_0
MIG: 11:34:28 : synp_flow:  -- synthesis_mode: Other
MIG: 11:34:28 : outputDirectory: /es_home/aali/VivadoProjects/session_4/example_system/example_system.srcs/sources_1/bd/design_1/ip/design_1_mig_7series_0_0/_tmp/
MIG: 11:34:28 : vivado_mode: xpg_bd
MIG: 11:34:28 : isPortInterface: 0
MIG: 11:34:28 : isPortInterface: 0
MIG: 11:34:28 : isPortInterface: 0
MIG: 11:34:28 : isPortInterface: 0
MIG: 11:34:28 : isPortInterface: 0
MIG: 11:34:28 : isPortInterface: 0
MIG: 11:34:28 : isPortInterface: 0
MIG: 11:34:28 : isPortInterface: 0
MIG: 11:34:28 : isPortInterface: 0
MIG: 11:34:28 : isPortInterface: 0
MIG: 11:34:28 : isPortInterface: 0
MIG: 11:34:28 : isPortInterface: 0
MIG: 11:34:28 : isPortInterface: 0
MIG: 11:34:28 : isPortInterface: 0
MIG: 11:34:28 : isPortInterface: 0
MIG: 11:34:28 : isPortInterface: 0
MIG: 11:34:28 : isPortInterface: 0
MIG: 11:34:28 : isPortInterface: 0
MIG: 11:34:28 : isPortInterface: 0
MIG: 11:34:28 : isPortInterface: 0
MIG: 11:34:28 : isPortInterface: 0
MIG: 11:34:28 : isPortInterface: 0
MIG: 11:34:28 : isPortInterface: 0
MIG: 11:34:28 : isPortInterface: 0
MIG: 11:34:28 : isPortInterface: 0
MIG: 11:34:28 : isPortInterface: 0
MIG: 11:34:28 : isPortInterface: 0
MIG: 11:34:28 : isPortInterface: 0
MIG: 11:34:28 : isPortInterface: 0
MIG: 11:34:28 : isPortInterface: 0
MIG: 11:34:28 : isPortInterface: 0
MIG: 11:34:28 : isPortInterface: 0
MIG: 11:34:28 : isPortInterface: 0
MIG: 11:34:28 : isPortInterface: 0
MIG: 11:34:28 : isPortInterface: 0
MIG: 11:34:28 : isPortInterface: 0
MIG: 11:34:28 : isPortInterface: 0
MIG: 11:34:28 : isPortInterface: 0
MIG: 11:34:28 : isPortInterface: 0
MIG: 11:34:28 : isPortInterface: 0
MIG: 11:34:28 : isPortInterface: 0
MIG: 11:34:28 : isPortInterface: 0
MIG: 11:34:28 : isPortInterface: 0
MIG: 11:34:28 : isPortInterface: 0
MIG: 11:34:28 : isPortInterface: 0
MIG: 11:34:28 : isPortInterface: 0
MIG: 11:34:28 : isPortInterface: 0
MIG: 11:34:29 : isPortInterface: 0
MIG: 11:34:29 : isPortInterface: 0
MIG: 11:34:29 : isPortInterface: 0
MIG: 11:34:29 : isPortInterface: 0
MIG: 11:34:29 : isPortInterface: 0
MIG: 11:34:29 : isPortInterface: 0
MIG: 11:34:29 : isPortInterface: 0
MIG: 11:34:29 : isPortInterface: 0
MIG: 11:34:29 : isPortInterface: 0
MIG: 11:34:29 : isPortInterface: 0
MIG: 11:34:29 : isPortInterface: 0
MIG: 11:34:29 : isPortInterface: 0
MIG: 11:34:29 : isPortInterface: 0
MIG: 11:34:29 : isPortInterface: 0
MIG: 11:34:29 : isPortInterface: 0
MIG: 11:34:29 : isPortInterface: 0
MIG: 11:34:29 : isPortInterface: 0
MIG: 11:34:29 : isPortInterface: 0
MIG: 11:34:29 : isPortInterface: 0
MIG: 11:34:29 : isPortInterface: 0
MIG: 11:34:29 : isPortInterface: 0
MIG: 11:34:29 : isPortInterface: 0
MIG: 11:34:29 : isPortInterface: 0
MIG: 11:34:29 : isPortInterface: 0
MIG: 11:34:29 : isPortInterface: 0
MIG: 11:34:29 : isPortInterface: 0
MIG: 11:34:29 : isPortInterface: 0
MIG: 11:34:29 : isPortInterface: 0
MIG: 11:34:29 : isPortInterface: 0
MIG: 11:34:29 : isPortInterface: 0
MIG: 11:34:29 : isPortInterface: 0
MIG: 11:34:29 : isPortInterface: 0
MIG: 11:34:29 : isPortInterface: 0
MIG: 11:34:29 : isPortInterface: 0
MIG: 11:34:29 : isPortInterface: 0
MIG: 11:34:29 : isPortInterface: 0
MIG: 11:34:29 : isPortInterface: 0
MIG: 11:34:29 : isPortInterface: 0
MIG: 11:34:29 : isPortInterface: 0
MIG: 11:34:29 : isPortInterface: 0
MIG: 11:34:29 : isPortInterface: 0
MIG: 11:34:29 : isPortInterface: 0
MIG: 11:34:29 : isPortInterface: 0
MIG: 11:34:29 : isPortInterface: 0
MIG: 11:34:29 : isPortInterface: 0
MIG: 11:34:29 : isPortInterface: 0
MIG: 11:34:29 : isPortInterface: 0
MIG: 11:34:29 : isPortInterface: 0
MIG: 11:34:29 : isPortInterface: 0
MIG: 11:34:29 : isPortInterface: 0
MIG: 11:34:29 : isPortInterface: 0
MIG: 11:34:29 : isPortInterface: 0
MIG: 11:34:29 : isPortInterface: 0
MIG: 11:34:29 : isPortInterface: 0
MIG: 11:34:29 : isPortInterface: 0
MIG: 11:34:29 : isPortInterface: 0
MIG: 11:34:29 : isPortInterface: 0
MIG: 11:34:29 : isPortInterface: 0
MIG: 11:34:29 : isPortInterface: 0
MIG: 11:34:29 : isPortInterface: 0
MIG: 11:34:29 : isPortInterface: 0
MIG: 11:34:29 : isPortInterface: 0
MIG: 11:34:29 : isPortInterface: 0
MIG: 11:34:29 : isPortInterface: 0
MIG: 11:34:29 : isPortInterface: 0
MIG: 11:34:29 : isPortInterface: 0
MIG: 11:34:29 : isPortInterface: 0
MIG: 11:34:29 : isPortInterface: 0
MIG: 11:34:29 : isPortInterface: 0
MIG: 11:34:29 : isPortInterface: 0
MIG: 11:34:29 : isPortInterface: 0
MIG: 11:34:29 : isPortInterface: 0
MIG: 11:34:29 : isPortInterface: 0
MIG: 11:34:29 : isPortInterface: 0
MIG: 11:34:29 : isPortInterface: 0
MIG: 11:34:29 : isPortInterface: 0
MIG: 11:34:29 : isPortInterface: 0
MIG: 11:34:29 : isPortInterface: 0
MIG: 11:34:29 : isPortInterface: 0
MIG: 11:34:29 : isPortInterface: 0
MIG: 11:34:29 : isPortInterface: 0
MIG: 11:34:29 : isPortInterface: 0
MIG: 11:34:29 : isPortInterface: 0
MIG: 11:34:29 : isPortInterface: 0
MIG: 11:34:29 : isPortInterface: 0
MIG: 11:34:29 : isPortInterface: 0
MIG: 11:34:29 : isPortInterface: 0
MIG: 11:34:29 : isPortInterface: 0
MIG: 11:34:29 : isPortInterface: 0
MIG: 11:34:29 : isPortInterface: 0
MIG: 11:34:29 : isPortInterface: 0
MIG: 11:34:29 : isPortInterface: 0
MIG: 11:34:29 : isPortInterface: 0
MIG: 11:34:29 : isPortInterface: 0
MIG: 11:34:29 : isPortInterface: 0
MIG: 11:34:29 : isPortInterface: 0
MIG: 11:34:29 : isPortInterface: 0
MIG: 11:34:29 : isPortInterface: 0
MIG: 11:34:29 : isPortInterface: 0
MIG: 11:34:29 : isPortInterface: 0
MIG: 11:34:29 : isPortInterface: 0
MIG: 11:34:29 : isPortInterface: 0
MIG: 11:34:29 : isPortInterface: 0
MIG: 11:34:29 : isPortInterface: 0
MIG: 11:34:29 : isPortInterface: 0
MIG: 11:34:29 : isPortInterface: 0
MIG: 11:34:29 : isPortInterface: 0
MIG: 11:34:29 : isPortInterface: 0
MIG: 11:34:29 : isPortInterface: 0
MIG: 11:34:29 : isPortInterface: 0
MIG: 11:34:29 : isPortInterface: 0
MIG: 11:34:29 : isPortInterface: 0
MIG: 11:34:29 : isPortInterface: 0
MIG: 11:34:29 : isPortInterface: 0
MIG: 11:34:29 : isPortInterface: 0
MIG: 11:34:29 : isPortInterface: 0
MIG: 11:34:29 : isPortInterface: 0
MIG: 11:34:29 : isPortInterface: 0
MIG: 11:34:29 : isPortInterface: 0
MIG: 11:34:29 : isPortInterface: 0
MIG: 11:34:29 : isPortInterface: 0
MIG: 11:34:29 : isPortInterface: 0
MIG: 11:34:29 : isPortInterface: 0
MIG: 11:34:29 : isPortInterface: 0
MIG: 11:34:29 : isPortInterface: 0
MIG: 11:34:29 : isPortInterface: 0
MIG: 11:34:29 : isPortInterface: 0
MIG: 11:34:29 : isPortInterface: 0
MIG: 11:34:29 : isPortInterface: 0
MIG: 11:34:29 : isPortInterface: 0
MIG: 11:34:29 : isPortInterface: 0
MIG: 11:34:29 : isPortInterface: 0
MIG: 11:34:29 : isPortInterface: 0
MIG: 11:34:29 : isPortInterface: 0
MIG: 11:34:29 : isPortInterface: 0
MIG: 11:34:29 : isPortInterface: 0
MIG: 11:34:29 : isPortInterface: 0
MIG: 11:34:29 : isPortInterface: 0
MIG: 11:34:29 : isPortInterface: 0
MIG: 11:34:29 : isPortInterface: 0
MIG: 11:34:29 : isPortInterface: 0
MIG: 11:34:29 : isPortInterface: 0
MIG: 11:34:29 : isPortInterface: 0
MIG: 11:34:29 : isPortInterface: 0
MIG: 11:34:29 : isPortInterface: 1
MIG: 11:34:29 : isPortInterface: 0
MIG: 11:34:29 : isPortInterface: 0
MIG: 11:34:29 : isPortInterface: 0
MIG: 11:34:29 : isPortInterface: 0
MIG: 11:34:29 : isPortInterface: 0
MIG: 11:34:29 : isPortInterface: 0
MIG: 11:34:29 : isPortInterface: 0
MIG: 11:34:29 : isPortInterface: 0
MIG: 11:34:29 : isPortInterface: 0
MIG: 11:34:29 : isPortInterface: 0
MIG: 11:34:29 :  locked false  
MIG: 11:34:29 : HDL Language: Verilog
MIG: 11:34:29 : compInfo: true
MIG: 11:34:29 : Vivado Options xc7a200t fbg676 -2
MIG: 11:34:29 : 1: xc7a200t 2: fbg676 3: -2
MIG: 11:34:29 : relative mig path: coregen/ip/xilinx/other/com/xilinx/ip/mig_7series_v4_0/bin/lin64/mig
MIG: 11:34:29 : xilinx_path: /opt/Xilinx/Vivado/2016.2/ids_lite/ISE
MIG: 11:34:29 : I am in catch area
MIG: 11:34:29 : Running /opt/Xilinx/Vivado/2016.2/ids_lite/ISE/coregen/ip/xilinx/other/com/xilinx/ip/mig_7series_v4_0/bin/lin64/mig -cg_exc_inp /es_home/aali/VivadoProjects/session_4/example_system/example_system.srcs/sources_1/bd/design_1/ip/design_1_mig_7series_0_0/xil_txt.in -cg_exc_out /es_home/aali/VivadoProjects/session_4/example_system/example_system.srcs/sources_1/bd/design_1/ip/design_1_mig_7series_0_0/xil_txt.out ... 
MIG: 11:34:38 : XML_INPUT_FILE: /es_home/aali/VivadoProjects/session_4/example_system/example_system.srcs/sources_1/bd/design_1/ip/design_1_mig_7series_0_0/board.prj
MIG: 11:34:38 : Component_Name: design_1_mig_7series_0_0
MIG: 11:34:38 : Moving design_1_mig_7series_0_0 ...
MIG: 11:34:38 : Moving design_1_mig_7series_0_0.veo ...
MIG: 11:34:38 : Moving design_1_mig_7series_0_0_xmdf.tcl ...
MIG: 11:34:38 : XGUI hdlLanguage: Verilog
MIG: 11:34:38 : xgui vivado_mode: xpg_bd
MIG: 11:34:38 : xgui hdlLanguage: Verilog -- hdlExt: v
MIG: 11:34:38 : Reading /es_home/aali/VivadoProjects/session_4/example_system/example_system.srcs/sources_1/bd/design_1/ip/design_1_mig_7series_0_0/design_1_mig_7series_0_0/user_design/rtl/design_1_mig_7series_0_0_mig.v ...
MIG: 11:34:40 : 1
MIG: 11:34:40 : Inside fn mem: DDR3
MIG: 11:34:40 : QDRII+ Inside fn ui: 100000000
MIG: 11:34:40 : cntrl:  memtype: DDR3
MIG: 11:34:40 : 800
MIG: 11:34:40 :  MMCM_VCO single ctrl param_name: MMCM_VCO --  possibleMaxVcoVal: 800 
MIG: 11:34:40 : 
MIG: 11:34:40 : 1
MIG: 11:34:40 : 100000000
MIG: 11:34:40 : 
MIG: 11:34:40 :  polarity_value: 0
MIG: 11:34:40 : ACTIVE_HIGH
MIG: 11:34:40 : 
MIG: 11:34:40 : cntrl:  memtype: DDR3
MIG: 11:34:40 : Prasad ----: isMMCMExtraClkParam:: MMCM_CLKOUT0_EN --- "TRUE"
MIG: 11:34:40 : TRUE
MIG: 11:34:40 :  MMCM Enable Param: MMCM_CLKOUT0_EN ==> TRUE
MIG: 11:34:40 : Prasad ----: isMMCMExtraClkParam:: MMCM_CLKOUT1_EN --- "FALSE"
MIG: 11:34:40 : 
MIG: 11:34:40 :  MMCM Enable Param: MMCM_CLKOUT1_EN ==> FALSE
MIG: 11:34:40 : Prasad ----: isMMCMExtraClkParam:: MMCM_CLKOUT2_EN --- "FALSE"
MIG: 11:34:40 : 
MIG: 11:34:40 :  MMCM Enable Param: MMCM_CLKOUT2_EN ==> FALSE
MIG: 11:34:40 : Prasad ----: isMMCMExtraClkParam:: MMCM_CLKOUT3_EN --- "FALSE"
MIG: 11:34:40 : 
MIG: 11:34:40 :  MMCM Enable Param: MMCM_CLKOUT3_EN ==> FALSE
MIG: 11:34:40 : Prasad ----: isMMCMExtraClkParam:: MMCM_CLKOUT4_EN --- "FALSE"
MIG: 11:34:40 : 
MIG: 11:34:40 :  MMCM Enable Param: MMCM_CLKOUT4_EN ==> FALSE
MIG: 11:34:40 : Prasad ----: isMMCMExtraClkParam:: MMCM_CLKOUT0_DIVIDE --- 8.000
MIG: 11:34:40 : possibleMaxVcoVal:: 800 ---- paramName: MMCM_CLKOUT0_DIVIDE
MIG: 11:34:40 : 100000000
MIG: 11:34:40 :  MMCM Extra Param: MMCM_CLKOUT0_FREQ ==> 100000000
MIG: 11:34:40 : Prasad ----: isMMCMExtraClkParam:: MMCM_CLKOUT1_DIVIDE --- 1
MIG: 11:34:40 : possibleMaxVcoVal:: 800 ---- paramName: MMCM_CLKOUT1_DIVIDE
MIG: 11:34:40 : 800000000
MIG: 11:34:40 :  MMCM Extra Param: MMCM_CLKOUT1_FREQ ==> 800000000
MIG: 11:34:40 : Prasad ----: isMMCMExtraClkParam:: MMCM_CLKOUT2_DIVIDE --- 1
MIG: 11:34:40 : possibleMaxVcoVal:: 800 ---- paramName: MMCM_CLKOUT2_DIVIDE
MIG: 11:34:40 : 800000000
MIG: 11:34:40 :  MMCM Extra Param: MMCM_CLKOUT2_FREQ ==> 800000000
MIG: 11:34:40 : Prasad ----: isMMCMExtraClkParam:: MMCM_CLKOUT3_DIVIDE --- 1
MIG: 11:34:40 : possibleMaxVcoVal:: 800 ---- paramName: MMCM_CLKOUT3_DIVIDE
MIG: 11:34:40 : 800000000
MIG: 11:34:40 :  MMCM Extra Param: MMCM_CLKOUT3_FREQ ==> 800000000
MIG: 11:34:40 : Prasad ----: isMMCMExtraClkParam:: MMCM_CLKOUT4_DIVIDE --- 1
MIG: 11:34:40 : possibleMaxVcoVal:: 800 ---- paramName: MMCM_CLKOUT4_DIVIDE
MIG: 11:34:40 : 800000000
MIG: 11:34:40 :  MMCM Extra Param: MMCM_CLKOUT4_FREQ ==> 800000000
MIG: 11:34:40 : 
MIG: 11:34:40 :  Valid Param: DDR3_BANK_WIDTH ==> 3
MIG: 11:34:40 : 
MIG: 11:34:40 :  Valid Param: DDR3_CK_WIDTH ==> 1
MIG: 11:34:40 :  Invalid Param: DDR3_COL_WIDTH ==> 10
MIG: 11:34:40 : 
MIG: 11:34:40 :  Valid Param: DDR3_CS_WIDTH ==> 1
MIG: 11:34:40 : 
MIG: 11:34:40 :  Valid Param: DDR3_nCS_PER_RANK ==> 1
MIG: 11:34:40 : 
MIG: 11:34:40 :  Valid Param: DDR3_CKE_WIDTH ==> 1
MIG: 11:34:40 :  Invalid Param: DDR3_DATA_BUF_ADDR_WIDTH ==> 5
MIG: 11:34:40 :  Invalid Param: DDR3_DQ_CNT_WIDTH ==> 6
MIG: 11:34:40 :  Invalid Param: DDR3_DQ_PER_DM ==> 8
MIG: 11:34:40 : 8
MIG: 11:34:40 :  Valid Param: DDR3_DM_WIDTH ==> 8
MIG: 11:34:40 : 64
MIG: 11:34:40 :  Valid Param: DDR3_DQ_WIDTH ==> 64
MIG: 11:34:40 : 8
MIG: 11:34:40 :  Valid Param: DDR3_DQS_WIDTH ==> 8
MIG: 11:34:40 : 3
MIG: 11:34:40 :  Valid Param: DDR3_DQS_CNT_WIDTH ==> 3
MIG: 11:34:40 :  Invalid Param: DDR3_DRAM_WIDTH ==> 8
MIG: 11:34:40 : 
MIG: 11:34:40 :  Valid Param: ECC ==> OFF
MIG: 11:34:40 : 64
MIG: 11:34:40 :  Valid Param: DDR3_DATA_WIDTH ==> 64
MIG: 11:34:40 :  Invalid Param: ECC_TEST ==> "OFF"
MIG: 11:34:40 :  Invalid Param: DDR3_PAYLOAD_WIDTH ==> (ECC_TEST == "OFF") ? DATA_WIDTH : DQ_WIDTH
MIG: 11:34:40 :  Invalid Param: DDR3_MEM_ADDR_ORDER ==> "BANK_ROW_COLUMN"
MIG: 11:34:40 :  Invalid Param: DDR3_nBANK_MACHS ==> 4
MIG: 11:34:40 :  Invalid Param: DDR3_RANKS ==> 1
MIG: 11:34:40 : 
MIG: 11:34:40 :  Valid Param: DDR3_ODT_WIDTH ==> 1
MIG: 11:34:40 : 
MIG: 11:34:40 :  Valid Param: DDR3_ROW_WIDTH ==> 14
MIG: 11:34:40 : 28
MIG: 11:34:40 :  Valid Param: DDR3_ADDR_WIDTH ==> 28
MIG: 11:34:40 : 
MIG: 11:34:40 :  Valid Param: DDR3_USE_CS_PORT ==> 1
MIG: 11:34:40 : 
MIG: 11:34:40 :  Valid Param: DDR3_USE_DM_PORT ==> 1
MIG: 11:34:40 : 
MIG: 11:34:40 :  Valid Param: DDR3_USE_ODT_PORT ==> 1
MIG: 11:34:40 :  Invalid Param: DDR3_IS_CLK_SHARED ==> "FALSE"
MIG: 11:34:40 :  Invalid Param: DDR3_PHY_CONTROL_MASTER_BANK ==> 1
MIG: 11:34:40 :  Invalid Param: DDR3_MEM_DENSITY ==> "1Gb"
MIG: 11:34:40 :  Invalid Param: DDR3_MEM_SPEEDGRADE ==> "125"
MIG: 11:34:40 :  Invalid Param: DDR3_MEM_DEVICE_WIDTH ==> 8
MIG: 11:34:40 :  Invalid Param: DDR3_AL ==> "0"
MIG: 11:34:40 :  Invalid Param: DDR3_nAL ==> 0
MIG: 11:34:40 :  Invalid Param: DDR3_BURST_MODE ==> "8"
MIG: 11:34:40 :  Invalid Param: DDR3_BURST_TYPE ==> "SEQ"
MIG: 11:34:40 :  Invalid Param: DDR3_CL ==> 6
MIG: 11:34:40 :  Invalid Param: DDR3_CWL ==> 5
MIG: 11:34:40 :  Invalid Param: DDR3_OUTPUT_DRV ==> "HIGH"
MIG: 11:34:40 :  Invalid Param: DDR3_RTT_NOM ==> "60"
MIG: 11:34:40 :  Invalid Param: DDR3_RTT_WR ==> "OFF"
MIG: 11:34:40 :  Invalid Param: DDR3_ADDR_CMD_MODE ==> "1T"
MIG: 11:34:40 : 
MIG: 11:34:40 :  Valid Param: DDR3_REG_CTRL ==> OFF
MIG: 11:34:40 :  Invalid Param: DDR3_CA_MIRROR ==> "OFF"
MIG: 11:34:40 :  Invalid Param: DDR3_VDD_OP_VOLT ==> "150"
MIG: 11:34:40 :  Invalid Param: DDR3_CLKIN_PERIOD ==> 5000
MIG: 11:34:40 :  Invalid Param: DDR3_CLKFBOUT_MULT ==> 4
MIG: 11:34:40 :  Invalid Param: DDR3_DIVCLK_DIVIDE ==> 1
MIG: 11:34:40 :  Invalid Param: DDR3_CLKOUT0_PHASE ==> 337.5
MIG: 11:34:40 :  Invalid Param: DDR3_CLKOUT0_DIVIDE ==> 2
MIG: 11:34:40 :  Invalid Param: DDR3_CLKOUT1_DIVIDE ==> 2
MIG: 11:34:40 :  Invalid Param: DDR3_CLKOUT2_DIVIDE ==> 32
MIG: 11:34:40 :  Invalid Param: DDR3_CLKOUT3_DIVIDE ==> 8
MIG: 11:34:40 :  Invalid Param: DDR3_MMCM_VCO ==> 800
MIG: 11:34:40 :  Invalid Param: DDR3_MMCM_MULT_F ==> 8
MIG: 11:34:40 :  Invalid Param: DDR3_MMCM_DIVCLK_DIVIDE ==> 1
MIG: 11:34:40 :  Invalid Param: DDR3_MMCM_CLKOUT0_EN ==> "TRUE"
MIG: 11:34:40 :  Invalid Param: DDR3_MMCM_CLKOUT1_EN ==> "FALSE"
MIG: 11:34:40 :  Invalid Param: DDR3_MMCM_CLKOUT2_EN ==> "FALSE"
MIG: 11:34:40 :  Invalid Param: DDR3_MMCM_CLKOUT3_EN ==> "FALSE"
MIG: 11:34:40 :  Invalid Param: DDR3_MMCM_CLKOUT4_EN ==> "FALSE"
MIG: 11:34:40 :  Invalid Param: DDR3_MMCM_CLKOUT0_DIVIDE ==> 8.000
MIG: 11:34:40 :  Invalid Param: DDR3_MMCM_CLKOUT1_DIVIDE ==> 1
MIG: 11:34:40 :  Invalid Param: DDR3_MMCM_CLKOUT2_DIVIDE ==> 1
MIG: 11:34:40 :  Invalid Param: DDR3_MMCM_CLKOUT3_DIVIDE ==> 1
MIG: 11:34:40 :  Invalid Param: DDR3_MMCM_CLKOUT4_DIVIDE ==> 1
MIG: 11:34:40 :  Invalid Param: DDR3_tCKE ==> 5000
MIG: 11:34:40 :  Invalid Param: DDR3_tFAW ==> 30000
MIG: 11:34:40 :  Invalid Param: DDR3_tPRDI ==> 1_000_000
MIG: 11:34:40 :  Invalid Param: DDR3_tRAS ==> 35000
MIG: 11:34:40 :  Invalid Param: DDR3_tRCD ==> 13125
MIG: 11:34:40 :  Invalid Param: DDR3_tREFI ==> 7800000
MIG: 11:34:40 :  Invalid Param: DDR3_tRFC ==> 110000
MIG: 11:34:40 :  Invalid Param: DDR3_tRP ==> 13125
MIG: 11:34:40 :  Invalid Param: DDR3_tRRD ==> 6000
MIG: 11:34:40 :  Invalid Param: DDR3_tRTP ==> 7500
MIG: 11:34:40 :  Invalid Param: DDR3_tWTR ==> 7500
MIG: 11:34:40 :  Invalid Param: DDR3_tZQI ==> 128_000_000
MIG: 11:34:40 :  Invalid Param: DDR3_tZQCS ==> 64
MIG: 11:34:40 :  Invalid Param: DDR3_SIM_BYPASS_INIT_CAL ==> "OFF"
MIG: 11:34:40 :  Invalid Param: DDR3_SIMULATION ==> "FALSE"
MIG: 11:34:40 :  Invalid Param: DDR3_BYTE_LANES_B0 ==> 4'b1111
MIG: 11:34:40 :  Invalid Param: DDR3_BYTE_LANES_B1 ==> 4'b1110
MIG: 11:34:40 :  Invalid Param: DDR3_BYTE_LANES_B2 ==> 4'b1111
MIG: 11:34:40 :  Invalid Param: DDR3_BYTE_LANES_B3 ==> 4'b0000
MIG: 11:34:40 :  Invalid Param: DDR3_BYTE_LANES_B4 ==> 4'b0000
MIG: 11:34:40 :  Invalid Param: DDR3_DATA_CTL_B0 ==> 4'b1111
MIG: 11:34:40 :  Invalid Param: DDR3_DATA_CTL_B1 ==> 4'b0000
MIG: 11:34:40 :  Invalid Param: DDR3_DATA_CTL_B2 ==> 4'b1111
MIG: 11:34:40 :  Invalid Param: DDR3_DATA_CTL_B3 ==> 4'b0000
MIG: 11:34:40 :  Invalid Param: DDR3_DATA_CTL_B4 ==> 4'b0000
MIG: 11:34:40 :  Invalid Param: DDR3_PHY_0_BITLANES ==> 48'h3FE_3FE_3FE_2FF
MIG: 11:34:40 :  Invalid Param: DDR3_PHY_1_BITLANES ==> 48'hFFE_F30_CB4_000
MIG: 11:34:40 :  Invalid Param: DDR3_PHY_2_BITLANES ==> 48'h3FE_3FE_3FE_2FF
MIG: 11:34:40 :  Invalid Param: DDR3_CK_BYTE_MAP ==> 144'h00_00_00_00_00_00_00_00_00_00_00_00_00_00_00_00_00_12
MIG: 11:34:40 :  Invalid Param: DDR3_ADDR_MAP ==> 192'h000_000_132_136_135_133_139_124_131_129_137_134_13A_128_138_13B
MIG: 11:34:40 :  Invalid Param: DDR3_BANK_MAP ==> 36'h125_12A_12B
MIG: 11:34:40 :  Invalid Param: DDR3_CAS_MAP ==> 12'h115
MIG: 11:34:40 :  Invalid Param: DDR3_CKE_ODT_BYTE_MAP ==> 8'h00
MIG: 11:34:40 :  Invalid Param: DDR3_CKE_MAP ==> 96'h000_000_000_000_000_000_000_117
MIG: 11:34:40 :  Invalid Param: DDR3_ODT_MAP ==> 96'h000_000_000_000_000_000_000_112
MIG: 11:34:40 :  Invalid Param: DDR3_CS_MAP ==> 120'h000_000_000_000_000_000_000_000_000_114
MIG: 11:34:40 :  Invalid Param: DDR3_PARITY_MAP ==> 12'h000
MIG: 11:34:40 :  Invalid Param: DDR3_RAS_MAP ==> 12'h11A
MIG: 11:34:40 :  Invalid Param: DDR3_WE_MAP ==> 12'h11B
MIG: 11:34:40 :  Invalid Param: DDR3_DQS_BYTE_MAP ==> 144'h00_00_00_00_00_00_00_00_00_00_03_02_01_00_23_22_21_20
MIG: 11:34:40 :  Invalid Param: DDR3_DATA0_MAP ==> 96'h209_207_206_205_204_203_202_201
MIG: 11:34:40 :  Invalid Param: DDR3_DATA1_MAP ==> 96'h219_218_217_216_215_214_213_212
MIG: 11:34:40 :  Invalid Param: DDR3_DATA2_MAP ==> 96'h229_228_227_226_225_224_223_222
MIG: 11:34:40 :  Invalid Param: DDR3_DATA3_MAP ==> 96'h239_238_237_236_235_234_233_232
MIG: 11:34:40 :  Invalid Param: DDR3_DATA4_MAP ==> 96'h009_007_006_005_004_003_002_001
MIG: 11:34:40 :  Invalid Param: DDR3_DATA5_MAP ==> 96'h019_018_017_016_015_014_013_012
MIG: 11:34:40 :  Invalid Param: DDR3_DATA6_MAP ==> 96'h029_028_027_026_025_024_023_022
MIG: 11:34:40 :  Invalid Param: DDR3_DATA7_MAP ==> 96'h039_038_037_036_035_034_033_032
MIG: 11:34:40 :  Invalid Param: DDR3_DATA8_MAP ==> 96'h000_000_000_000_000_000_000_000
MIG: 11:34:40 :  Invalid Param: DDR3_DATA9_MAP ==> 96'h000_000_000_000_000_000_000_000
MIG: 11:34:40 :  Invalid Param: DDR3_DATA10_MAP ==> 96'h000_000_000_000_000_000_000_000
MIG: 11:34:40 :  Invalid Param: DDR3_DATA11_MAP ==> 96'h000_000_000_000_000_000_000_000
MIG: 11:34:40 :  Invalid Param: DDR3_DATA12_MAP ==> 96'h000_000_000_000_000_000_000_000
MIG: 11:34:40 :  Invalid Param: DDR3_DATA13_MAP ==> 96'h000_000_000_000_000_000_000_000
MIG: 11:34:40 :  Invalid Param: DDR3_DATA14_MAP ==> 96'h000_000_000_000_000_000_000_000
MIG: 11:34:40 :  Invalid Param: DDR3_DATA15_MAP ==> 96'h000_000_000_000_000_000_000_000
MIG: 11:34:40 :  Invalid Param: DDR3_DATA16_MAP ==> 96'h000_000_000_000_000_000_000_000
MIG: 11:34:40 :  Invalid Param: DDR3_DATA17_MAP ==> 96'h000_000_000_000_000_000_000_000
MIG: 11:34:40 :  Invalid Param: DDR3_MASK0_MAP ==> 108'h000_031_021_011_000_231_221_211_200
MIG: 11:34:40 :  Invalid Param: DDR3_MASK1_MAP ==> 108'h000_000_000_000_000_000_000_000_000
MIG: 11:34:40 :  Invalid Param: DDR3_SLOT_0_CONFIG ==> 8'b0000_0001
MIG: 11:34:40 :  Invalid Param: DDR3_SLOT_1_CONFIG ==> 8'b0000_0000
MIG: 11:34:40 :  Invalid Param: DDR3_IBUF_LPWR_MODE ==> "OFF"
MIG: 11:34:40 :  Invalid Param: DDR3_DATA_IO_IDLE_PWRDWN ==> "ON"
MIG: 11:34:40 :  Invalid Param: DDR3_BANK_TYPE ==> "HR_IO"
MIG: 11:34:40 :  Invalid Param: DDR3_DATA_IO_PRIM_TYPE ==> "HR_LP"
MIG: 11:34:40 :  Invalid Param: DDR3_CKE_ODT_AUX ==> "FALSE"
MIG: 11:34:40 :  Invalid Param: DDR3_USER_REFRESH ==> "OFF"
MIG: 11:34:40 :  Invalid Param: DDR3_WRLVL ==> "ON"
MIG: 11:34:40 :  Invalid Param: DDR3_ORDERING ==> "NORM"
MIG: 11:34:40 :  Invalid Param: DDR3_CALIB_ROW_ADD ==> 16'h0000
MIG: 11:34:40 :  Invalid Param: DDR3_CALIB_COL_ADD ==> 12'h000
MIG: 11:34:40 :  Invalid Param: DDR3_CALIB_BA_ADD ==> 3'h0
MIG: 11:34:40 :  Invalid Param: DDR3_TCQ ==> 100
MIG: 11:34:40 :  Invalid Param: DDR3_IDELAY_ADJ ==> "OFF"
MIG: 11:34:40 :  Invalid Param: DDR3_FINE_PER_BIT ==> "OFF"
MIG: 11:34:40 :  Invalid Param: DDR3_CENTER_COMP_MODE ==> "OFF"
MIG: 11:34:40 :  Invalid Param: DDR3_PI_VAL_ADJ ==> "OFF"
MIG: 11:34:40 :  Invalid Param: DDR3_IODELAY_GRP0 ==> "DESIGN_1_MIG_7SERIES_0_0_IODELAY_MIG0"
MIG: 11:34:40 :  Invalid Param: DDR3_IODELAY_GRP1 ==> "DESIGN_1_MIG_7SERIES_0_0_IODELAY_MIG1"
MIG: 11:34:40 :  Invalid Param: DDR3_SYSCLK_TYPE ==> "DIFFERENTIAL"
MIG: 11:34:40 :  Invalid Param: DDR3_REFCLK_TYPE ==> "USE_SYSTEM_CLOCK"
MIG: 11:34:40 :  Invalid Param: DDR3_SYS_RST_PORT ==> "FALSE"
MIG: 11:34:40 :  Invalid Param: DDR3_FPGA_SPEED_GRADE ==> 2
MIG: 11:34:40 :  Invalid Param: DDR3_CMD_PIPE_PLUS1 ==> "ON"
MIG: 11:34:40 :  Invalid Param: DDR3_DRAM_TYPE ==> "DDR3"
MIG: 11:34:40 :  Invalid Param: DDR3_CAL_WIDTH ==> "HALF"
MIG: 11:34:40 :  Invalid Param: DDR3_STARVE_LIMIT ==> 2
MIG: 11:34:40 :  Invalid Param: DDR3_REF_CLK_MMCM_IODELAY_CTRL ==> "FALSE"
MIG: 11:34:40 :  Invalid Param: DDR3_REFCLK_FREQ ==> 200.0
MIG: 11:34:40 :  Invalid Param: DDR3_DIFF_TERM_REFCLK ==> "TRUE"
MIG: 11:34:40 :  Invalid Param: DDR3_tCK ==> 2500
MIG: 11:34:40 : 4
MIG: 11:34:40 :  Valid Param: DDR3_nCK_PER_CLK ==> 4
MIG: 11:34:40 :  Invalid Param: DDR3_DIFF_TERM_SYSCLK ==> "FALSE"
MIG: 11:34:40 : TRUE
MIG: 11:34:40 :  Valid Param: UI_EXTRA_CLOCKS ==> TRUE
MIG: 11:34:40 : 1
MIG: 11:34:40 :  Valid Param: C_S_AXI_ID_WIDTH ==> 1
MIG: 11:34:40 : 1073741824
MIG: 11:34:40 :  Valid Param: C_S_AXI_MEM_SIZE ==> 1073741824
MIG: 11:34:40 : 30
MIG: 11:34:40 :  Valid Param: C_S_AXI_ADDR_WIDTH ==> 30
MIG: 11:34:40 : 512
MIG: 11:34:40 :  Valid Param: C_S_AXI_DATA_WIDTH ==> 512
MIG: 11:34:40 :  Invalid Param: DDR3_C_MC_nCK_PER_CLK ==> 4
MIG: 11:34:40 :  Invalid Param: C_S_AXI_SUPPORTS_NARROW_BURST ==> 0
MIG: 11:34:40 :  Invalid Param: DDR3_C_RD_WR_ARB_ALGORITHM ==> "RD_PRI_REG"
MIG: 11:34:40 :  Invalid Param: C_S_AXI_REG_EN0 ==> 20'h00000
MIG: 11:34:40 :  Invalid Param: C_S_AXI_REG_EN1 ==> 20'h00000
MIG: 11:34:40 : 
MIG: 11:34:40 :  Valid Param: C_S_AXI_CTRL_ADDR_WIDTH ==> 32
MIG: 11:34:40 : 
MIG: 11:34:40 :  Valid Param: C_S_AXI_CTRL_DATA_WIDTH ==> 32
MIG: 11:34:40 :  Invalid Param: C_S_AXI_BASEADDR ==> 32'h0000_0000
MIG: 11:34:40 :  Invalid Param: C_ECC_ONOFF_RESET_VALUE ==> 1
MIG: 11:34:40 :  Invalid Param: C_ECC_CE_COUNTER_WIDTH ==> 8
MIG: 11:34:40 : 
MIG: 11:34:40 :  Valid Param: DDR3_DEBUG_PORT ==> OFF
MIG: 11:34:40 : 
MIG: 11:34:40 :  Invalid Param: DDR3_TEMP_MON_CONTROL ==> "INTERNAL"
MIG: 11:34:40 :  Invalid Param: DDR3_FPGA_VOLT_TYPE ==> "N"
MIG: 11:34:40 :  Invalid Param: DDR3_RST_ACT_LOW ==> 0
MIG: 11:34:40 : 
MIG: 11:34:40 : NONE
MIG: 11:34:40 : 
MIG: 11:34:40 : Same Interface
MIG: 11:49:28 : xml_input_file: board.prj
MIG: 11:49:28 : Absolute path of xml_input_file: /es_home/aali/VivadoProjects/session_4/example_system/example_system.srcs/sources_1/bd/design_1/ip/design_1_mig_7series_0_0/board.prj
MIG: 11:49:28 : In updateAllModelParams
MIG: 11:49:28 : IGN:     <ModuleName>design_1_mig_7series_0_0</ModuleName> <==>     <ModuleName>design_1_mig_7series_0_0</ModuleName> 
MIG: 11:49:28 : ERR:     <Version>2.1</Version> <==>     <Version>4.0</Version> 
MIG: 11:49:28 : ################# RUNNING MIG BATCH ###################
MIG: 11:49:28 : Writing IN file for 'design_1_mig_7series_0_0'...compDirPath: /opt/Xilinx/Vivado/2016.2/data/ip/xilinx/mig_7series_v4_0... instDirPath: /es_home/aali/VivadoProjects/session_4/example_system/example_system.srcs/sources_1/bd/design_1/ip/design_1_mig_7series_0_0
MIG: 11:49:28 : synp_flow:  -- synthesis_mode: Other
MIG: 11:49:28 : outputDirectory: /es_home/aali/VivadoProjects/session_4/example_system/example_system.srcs/sources_1/bd/design_1/ip/design_1_mig_7series_0_0/_tmp/
MIG: 11:49:28 : vivado_mode: xpg_bd
MIG: 11:49:28 : isPortInterface: 0
MIG: 11:49:28 : isPortInterface: 0
MIG: 11:49:28 : isPortInterface: 0
MIG: 11:49:28 : isPortInterface: 0
MIG: 11:49:28 : isPortInterface: 0
MIG: 11:49:28 : isPortInterface: 0
MIG: 11:49:28 : isPortInterface: 0
MIG: 11:49:28 : isPortInterface: 0
MIG: 11:49:28 : isPortInterface: 0
MIG: 11:49:28 : isPortInterface: 0
MIG: 11:49:28 : isPortInterface: 0
MIG: 11:49:28 : isPortInterface: 0
MIG: 11:49:28 : isPortInterface: 0
MIG: 11:49:28 : isPortInterface: 0
MIG: 11:49:28 : isPortInterface: 0
MIG: 11:49:28 : isPortInterface: 0
MIG: 11:49:28 : isPortInterface: 0
MIG: 11:49:28 : isPortInterface: 0
MIG: 11:49:28 : isPortInterface: 0
MIG: 11:49:28 : isPortInterface: 0
MIG: 11:49:28 : isPortInterface: 0
MIG: 11:49:28 : isPortInterface: 0
MIG: 11:49:28 : isPortInterface: 0
MIG: 11:49:28 : isPortInterface: 0
MIG: 11:49:28 : isPortInterface: 0
MIG: 11:49:28 : isPortInterface: 0
MIG: 11:49:28 : isPortInterface: 0
MIG: 11:49:28 : isPortInterface: 0
MIG: 11:49:28 : isPortInterface: 0
MIG: 11:49:28 : isPortInterface: 0
MIG: 11:49:28 : isPortInterface: 0
MIG: 11:49:28 : isPortInterface: 0
MIG: 11:49:28 : isPortInterface: 0
MIG: 11:49:28 : isPortInterface: 0
MIG: 11:49:28 : isPortInterface: 0
MIG: 11:49:28 : isPortInterface: 0
MIG: 11:49:28 : isPortInterface: 0
MIG: 11:49:28 : isPortInterface: 0
MIG: 11:49:28 : isPortInterface: 0
MIG: 11:49:28 : isPortInterface: 0
MIG: 11:49:28 : isPortInterface: 0
MIG: 11:49:28 : isPortInterface: 0
MIG: 11:49:28 : isPortInterface: 0
MIG: 11:49:28 : isPortInterface: 0
MIG: 11:49:28 : isPortInterface: 0
MIG: 11:49:28 : isPortInterface: 0
MIG: 11:49:28 : isPortInterface: 0
MIG: 11:49:28 : isPortInterface: 0
MIG: 11:49:28 : isPortInterface: 0
MIG: 11:49:28 : isPortInterface: 0
MIG: 11:49:28 : isPortInterface: 0
MIG: 11:49:28 : isPortInterface: 0
MIG: 11:49:28 : isPortInterface: 0
MIG: 11:49:28 : isPortInterface: 0
MIG: 11:49:28 : isPortInterface: 0
MIG: 11:49:28 : isPortInterface: 0
MIG: 11:49:28 : isPortInterface: 0
MIG: 11:49:28 : isPortInterface: 0
MIG: 11:49:28 : isPortInterface: 0
MIG: 11:49:28 : isPortInterface: 0
MIG: 11:49:28 : isPortInterface: 0
MIG: 11:49:28 : isPortInterface: 0
MIG: 11:49:28 : isPortInterface: 0
MIG: 11:49:28 : isPortInterface: 0
MIG: 11:49:28 : isPortInterface: 0
MIG: 11:49:28 : isPortInterface: 0
MIG: 11:49:28 : isPortInterface: 0
MIG: 11:49:28 : isPortInterface: 0
MIG: 11:49:28 : isPortInterface: 0
MIG: 11:49:28 : isPortInterface: 0
MIG: 11:49:28 : isPortInterface: 0
MIG: 11:49:28 : isPortInterface: 0
MIG: 11:49:28 : isPortInterface: 0
MIG: 11:49:28 : isPortInterface: 0
MIG: 11:49:28 : isPortInterface: 0
MIG: 11:49:28 : isPortInterface: 0
MIG: 11:49:28 : isPortInterface: 0
MIG: 11:49:28 : isPortInterface: 0
MIG: 11:49:28 : isPortInterface: 0
MIG: 11:49:28 : isPortInterface: 0
MIG: 11:49:28 : isPortInterface: 0
MIG: 11:49:28 : isPortInterface: 0
MIG: 11:49:28 : isPortInterface: 0
MIG: 11:49:28 : isPortInterface: 0
MIG: 11:49:28 : isPortInterface: 0
MIG: 11:49:28 : isPortInterface: 0
MIG: 11:49:28 : isPortInterface: 0
MIG: 11:49:28 : isPortInterface: 0
MIG: 11:49:28 : isPortInterface: 0
MIG: 11:49:28 : isPortInterface: 0
MIG: 11:49:28 : isPortInterface: 0
MIG: 11:49:28 : isPortInterface: 0
MIG: 11:49:28 : isPortInterface: 0
MIG: 11:49:28 : isPortInterface: 0
MIG: 11:49:28 : isPortInterface: 0
MIG: 11:49:28 : isPortInterface: 0
MIG: 11:49:28 : isPortInterface: 0
MIG: 11:49:28 : isPortInterface: 0
MIG: 11:49:28 : isPortInterface: 0
MIG: 11:49:28 : isPortInterface: 0
MIG: 11:49:28 : isPortInterface: 0
MIG: 11:49:28 : isPortInterface: 0
MIG: 11:49:28 : isPortInterface: 0
MIG: 11:49:28 : isPortInterface: 0
MIG: 11:49:28 : isPortInterface: 0
MIG: 11:49:28 : isPortInterface: 0
MIG: 11:49:28 : isPortInterface: 0
MIG: 11:49:28 : isPortInterface: 0
MIG: 11:49:28 : isPortInterface: 0
MIG: 11:49:28 : isPortInterface: 0
MIG: 11:49:28 : isPortInterface: 0
MIG: 11:49:28 : isPortInterface: 0
MIG: 11:49:28 : isPortInterface: 0
MIG: 11:49:28 : isPortInterface: 0
MIG: 11:49:28 : isPortInterface: 0
MIG: 11:49:28 : isPortInterface: 0
MIG: 11:49:28 : isPortInterface: 0
MIG: 11:49:28 : isPortInterface: 0
MIG: 11:49:28 : isPortInterface: 0
MIG: 11:49:28 : isPortInterface: 0
MIG: 11:49:28 : isPortInterface: 0
MIG: 11:49:28 : isPortInterface: 0
MIG: 11:49:28 : isPortInterface: 0
MIG: 11:49:28 : isPortInterface: 0
MIG: 11:49:28 : isPortInterface: 0
MIG: 11:49:28 : isPortInterface: 0
MIG: 11:49:28 : isPortInterface: 0
MIG: 11:49:28 : isPortInterface: 0
MIG: 11:49:28 : isPortInterface: 0
MIG: 11:49:28 : isPortInterface: 0
MIG: 11:49:28 : isPortInterface: 0
MIG: 11:49:28 : isPortInterface: 0
MIG: 11:49:28 : isPortInterface: 0
MIG: 11:49:28 : isPortInterface: 0
MIG: 11:49:28 : isPortInterface: 0
MIG: 11:49:28 : isPortInterface: 0
MIG: 11:49:28 : isPortInterface: 0
MIG: 11:49:28 : isPortInterface: 0
MIG: 11:49:28 : isPortInterface: 0
MIG: 11:49:28 : isPortInterface: 0
MIG: 11:49:28 : isPortInterface: 0
MIG: 11:49:28 : isPortInterface: 0
MIG: 11:49:28 : isPortInterface: 0
MIG: 11:49:28 : isPortInterface: 0
MIG: 11:49:28 : isPortInterface: 0
MIG: 11:49:28 : isPortInterface: 0
MIG: 11:49:28 : isPortInterface: 0
MIG: 11:49:28 : isPortInterface: 0
MIG: 11:49:28 : isPortInterface: 0
MIG: 11:49:28 : isPortInterface: 0
MIG: 11:49:28 : isPortInterface: 0
MIG: 11:49:28 : isPortInterface: 0
MIG: 11:49:28 : isPortInterface: 0
MIG: 11:49:28 : isPortInterface: 0
MIG: 11:49:28 : isPortInterface: 0
MIG: 11:49:28 : isPortInterface: 0
MIG: 11:49:28 : isPortInterface: 0
MIG: 11:49:28 : isPortInterface: 0
MIG: 11:49:28 : isPortInterface: 0
MIG: 11:49:28 : isPortInterface: 0
MIG: 11:49:28 : isPortInterface: 0
MIG: 11:49:28 : isPortInterface: 0
MIG: 11:49:28 : isPortInterface: 0
MIG: 11:49:28 : isPortInterface: 0
MIG: 11:49:28 : isPortInterface: 0
MIG: 11:49:28 : isPortInterface: 0
MIG: 11:49:28 : isPortInterface: 0
MIG: 11:49:28 : isPortInterface: 0
MIG: 11:49:28 : isPortInterface: 0
MIG: 11:49:28 : isPortInterface: 0
MIG: 11:49:28 : isPortInterface: 0
MIG: 11:49:28 : isPortInterface: 0
MIG: 11:49:28 : isPortInterface: 0
MIG: 11:49:28 : isPortInterface: 0
MIG: 11:49:28 : isPortInterface: 0
MIG: 11:49:28 : isPortInterface: 0
MIG: 11:49:28 : isPortInterface: 0
MIG: 11:49:28 : isPortInterface: 0
MIG: 11:49:28 : isPortInterface: 0
MIG: 11:49:28 : isPortInterface: 0
MIG: 11:49:28 : isPortInterface: 0
MIG: 11:49:28 : isPortInterface: 0
MIG: 11:49:28 : isPortInterface: 0
MIG: 11:49:28 : isPortInterface: 0
MIG: 11:49:28 : isPortInterface: 0
MIG: 11:49:28 : isPortInterface: 0
MIG: 11:49:28 : isPortInterface: 0
MIG: 11:49:28 : isPortInterface: 0
MIG: 11:49:28 : isPortInterface: 0
MIG: 11:49:28 : isPortInterface: 0
MIG: 11:49:28 : isPortInterface: 0
MIG: 11:49:28 : isPortInterface: 1
MIG: 11:49:28 : isPortInterface: 0
MIG: 11:49:28 : isPortInterface: 0
MIG: 11:49:28 : isPortInterface: 0
MIG: 11:49:28 : isPortInterface: 0
MIG: 11:49:28 : isPortInterface: 0
MIG: 11:49:28 : isPortInterface: 0
MIG: 11:49:28 : isPortInterface: 0
MIG: 11:49:28 : isPortInterface: 0
MIG: 11:49:28 : isPortInterface: 0
MIG: 11:49:28 : isPortInterface: 0
MIG: 11:49:28 :  locked false  
MIG: 11:49:28 : HDL Language: Verilog
MIG: 11:49:28 : compInfo: true
MIG: 11:49:28 : Vivado Options xc7a200t fbg676 -2
MIG: 11:49:28 : 1: xc7a200t 2: fbg676 3: -2
MIG: 11:49:28 : relative mig path: coregen/ip/xilinx/other/com/xilinx/ip/mig_7series_v4_0/bin/lin64/mig
MIG: 11:49:28 : xilinx_path: /opt/Xilinx/Vivado/2016.2/ids_lite/ISE
MIG: 11:49:28 : I am in catch area
MIG: 11:49:28 : Running /opt/Xilinx/Vivado/2016.2/ids_lite/ISE/coregen/ip/xilinx/other/com/xilinx/ip/mig_7series_v4_0/bin/lin64/mig -cg_exc_inp /es_home/aali/VivadoProjects/session_4/example_system/example_system.srcs/sources_1/bd/design_1/ip/design_1_mig_7series_0_0/xil_txt.in -cg_exc_out /es_home/aali/VivadoProjects/session_4/example_system/example_system.srcs/sources_1/bd/design_1/ip/design_1_mig_7series_0_0/xil_txt.out ... 
MIG: 11:49:38 : XML_INPUT_FILE: /es_home/aali/VivadoProjects/session_4/example_system/example_system.srcs/sources_1/bd/design_1/ip/design_1_mig_7series_0_0/board.prj
MIG: 11:49:38 : Component_Name: design_1_mig_7series_0_0
MIG: 11:49:38 : Moving design_1_mig_7series_0_0 ...
MIG: 11:49:38 : Moving design_1_mig_7series_0_0.veo ...
MIG: 11:49:38 : Moving design_1_mig_7series_0_0_xmdf.tcl ...
MIG: 11:49:38 : XGUI hdlLanguage: Verilog
MIG: 11:49:38 : xgui vivado_mode: xpg_bd
MIG: 11:49:38 : xgui hdlLanguage: Verilog -- hdlExt: v
MIG: 11:49:38 : Reading /es_home/aali/VivadoProjects/session_4/example_system/example_system.srcs/sources_1/bd/design_1/ip/design_1_mig_7series_0_0/design_1_mig_7series_0_0/user_design/rtl/design_1_mig_7series_0_0_mig.v ...
MIG: 11:49:39 : 
MIG: 11:49:39 : Inside fn mem: DDR3
MIG: 11:49:39 : QDRII+ Inside fn ui: 100000000
MIG: 11:49:39 : cntrl:  memtype: DDR3
MIG: 11:49:39 : 
MIG: 11:49:39 :  MMCM_VCO single ctrl param_name: MMCM_VCO --  possibleMaxVcoVal: 800 
MIG: 11:49:39 : 
MIG: 11:49:39 : 
MIG: 11:49:39 : 
MIG: 11:49:39 : 
MIG: 11:49:39 :  polarity_value: 0
MIG: 11:49:39 : 
MIG: 11:49:39 : 
MIG: 11:49:39 : cntrl:  memtype: DDR3
MIG: 11:49:39 : Prasad ----: isMMCMExtraClkParam:: MMCM_CLKOUT0_EN --- "TRUE"
MIG: 11:49:39 : 
MIG: 11:49:39 :  MMCM Enable Param: MMCM_CLKOUT0_EN ==> TRUE
MIG: 11:49:39 : Prasad ----: isMMCMExtraClkParam:: MMCM_CLKOUT1_EN --- "FALSE"
MIG: 11:49:39 : 
MIG: 11:49:39 :  MMCM Enable Param: MMCM_CLKOUT1_EN ==> FALSE
MIG: 11:49:39 : Prasad ----: isMMCMExtraClkParam:: MMCM_CLKOUT2_EN --- "FALSE"
MIG: 11:49:39 : 
MIG: 11:49:39 :  MMCM Enable Param: MMCM_CLKOUT2_EN ==> FALSE
MIG: 11:49:39 : Prasad ----: isMMCMExtraClkParam:: MMCM_CLKOUT3_EN --- "FALSE"
MIG: 11:49:39 : 
MIG: 11:49:39 :  MMCM Enable Param: MMCM_CLKOUT3_EN ==> FALSE
MIG: 11:49:39 : Prasad ----: isMMCMExtraClkParam:: MMCM_CLKOUT4_EN --- "FALSE"
MIG: 11:49:39 : 
MIG: 11:49:39 :  MMCM Enable Param: MMCM_CLKOUT4_EN ==> FALSE
MIG: 11:49:39 : Prasad ----: isMMCMExtraClkParam:: MMCM_CLKOUT0_DIVIDE --- 8.000
MIG: 11:49:39 : possibleMaxVcoVal:: 800 ---- paramName: MMCM_CLKOUT0_DIVIDE
MIG: 11:49:39 : 
MIG: 11:49:39 :  MMCM Extra Param: MMCM_CLKOUT0_FREQ ==> 100000000
MIG: 11:49:39 : Prasad ----: isMMCMExtraClkParam:: MMCM_CLKOUT1_DIVIDE --- 1
MIG: 11:49:39 : possibleMaxVcoVal:: 800 ---- paramName: MMCM_CLKOUT1_DIVIDE
MIG: 11:49:39 : 
MIG: 11:49:39 :  MMCM Extra Param: MMCM_CLKOUT1_FREQ ==> 800000000
MIG: 11:49:39 : Prasad ----: isMMCMExtraClkParam:: MMCM_CLKOUT2_DIVIDE --- 1
MIG: 11:49:39 : possibleMaxVcoVal:: 800 ---- paramName: MMCM_CLKOUT2_DIVIDE
MIG: 11:49:39 : 
MIG: 11:49:39 :  MMCM Extra Param: MMCM_CLKOUT2_FREQ ==> 800000000
MIG: 11:49:39 : Prasad ----: isMMCMExtraClkParam:: MMCM_CLKOUT3_DIVIDE --- 1
MIG: 11:49:39 : possibleMaxVcoVal:: 800 ---- paramName: MMCM_CLKOUT3_DIVIDE
MIG: 11:49:39 : 
MIG: 11:49:39 :  MMCM Extra Param: MMCM_CLKOUT3_FREQ ==> 800000000
MIG: 11:49:39 : Prasad ----: isMMCMExtraClkParam:: MMCM_CLKOUT4_DIVIDE --- 1
MIG: 11:49:39 : possibleMaxVcoVal:: 800 ---- paramName: MMCM_CLKOUT4_DIVIDE
MIG: 11:49:39 : 
MIG: 11:49:39 :  MMCM Extra Param: MMCM_CLKOUT4_FREQ ==> 800000000
MIG: 11:49:39 : 
MIG: 11:49:39 :  Valid Param: DDR3_BANK_WIDTH ==> 3
MIG: 11:49:39 : 
MIG: 11:49:39 :  Valid Param: DDR3_CK_WIDTH ==> 1
MIG: 11:49:39 :  Invalid Param: DDR3_COL_WIDTH ==> 10
MIG: 11:49:39 : 
MIG: 11:49:39 :  Valid Param: DDR3_CS_WIDTH ==> 1
MIG: 11:49:39 : 
MIG: 11:49:39 :  Valid Param: DDR3_nCS_PER_RANK ==> 1
MIG: 11:49:39 : 
MIG: 11:49:39 :  Valid Param: DDR3_CKE_WIDTH ==> 1
MIG: 11:49:39 :  Invalid Param: DDR3_DATA_BUF_ADDR_WIDTH ==> 5
MIG: 11:49:39 :  Invalid Param: DDR3_DQ_CNT_WIDTH ==> 6
MIG: 11:49:39 :  Invalid Param: DDR3_DQ_PER_DM ==> 8
MIG: 11:49:39 : 
MIG: 11:49:39 :  Valid Param: DDR3_DM_WIDTH ==> 8
MIG: 11:49:39 : 
MIG: 11:49:39 :  Valid Param: DDR3_DQ_WIDTH ==> 64
MIG: 11:49:39 : 
MIG: 11:49:39 :  Valid Param: DDR3_DQS_WIDTH ==> 8
MIG: 11:49:39 : 
MIG: 11:49:39 :  Valid Param: DDR3_DQS_CNT_WIDTH ==> 3
MIG: 11:49:39 :  Invalid Param: DDR3_DRAM_WIDTH ==> 8
MIG: 11:49:39 : 
MIG: 11:49:39 :  Valid Param: ECC ==> OFF
MIG: 11:49:39 : 
MIG: 11:49:39 :  Valid Param: DDR3_DATA_WIDTH ==> 64
MIG: 11:49:39 :  Invalid Param: ECC_TEST ==> "OFF"
MIG: 11:49:39 :  Invalid Param: DDR3_PAYLOAD_WIDTH ==> (ECC_TEST == "OFF") ? DATA_WIDTH : DQ_WIDTH
MIG: 11:49:39 :  Invalid Param: DDR3_MEM_ADDR_ORDER ==> "BANK_ROW_COLUMN"
MIG: 11:49:39 :  Invalid Param: DDR3_nBANK_MACHS ==> 4
MIG: 11:49:39 :  Invalid Param: DDR3_RANKS ==> 1
MIG: 11:49:39 : 
MIG: 11:49:39 :  Valid Param: DDR3_ODT_WIDTH ==> 1
MIG: 11:49:39 : 
MIG: 11:49:39 :  Valid Param: DDR3_ROW_WIDTH ==> 14
MIG: 11:49:39 : 
MIG: 11:49:39 :  Valid Param: DDR3_ADDR_WIDTH ==> 28
MIG: 11:49:39 : 
MIG: 11:49:39 :  Valid Param: DDR3_USE_CS_PORT ==> 1
MIG: 11:49:39 : 
MIG: 11:49:39 :  Valid Param: DDR3_USE_DM_PORT ==> 1
MIG: 11:49:39 : 
MIG: 11:49:39 :  Valid Param: DDR3_USE_ODT_PORT ==> 1
MIG: 11:49:39 :  Invalid Param: DDR3_IS_CLK_SHARED ==> "FALSE"
MIG: 11:49:39 :  Invalid Param: DDR3_PHY_CONTROL_MASTER_BANK ==> 1
MIG: 11:49:39 :  Invalid Param: DDR3_MEM_DENSITY ==> "1Gb"
MIG: 11:49:39 :  Invalid Param: DDR3_MEM_SPEEDGRADE ==> "125"
MIG: 11:49:39 :  Invalid Param: DDR3_MEM_DEVICE_WIDTH ==> 8
MIG: 11:49:39 :  Invalid Param: DDR3_AL ==> "0"
MIG: 11:49:39 :  Invalid Param: DDR3_nAL ==> 0
MIG: 11:49:39 :  Invalid Param: DDR3_BURST_MODE ==> "8"
MIG: 11:49:39 :  Invalid Param: DDR3_BURST_TYPE ==> "SEQ"
MIG: 11:49:39 :  Invalid Param: DDR3_CL ==> 6
MIG: 11:49:39 :  Invalid Param: DDR3_CWL ==> 5
MIG: 11:49:39 :  Invalid Param: DDR3_OUTPUT_DRV ==> "HIGH"
MIG: 11:49:39 :  Invalid Param: DDR3_RTT_NOM ==> "60"
MIG: 11:49:39 :  Invalid Param: DDR3_RTT_WR ==> "OFF"
MIG: 11:49:39 :  Invalid Param: DDR3_ADDR_CMD_MODE ==> "1T"
MIG: 11:49:39 : 
MIG: 11:49:39 :  Valid Param: DDR3_REG_CTRL ==> OFF
MIG: 11:49:39 :  Invalid Param: DDR3_CA_MIRROR ==> "OFF"
MIG: 11:49:39 :  Invalid Param: DDR3_VDD_OP_VOLT ==> "150"
MIG: 11:49:39 :  Invalid Param: DDR3_CLKIN_PERIOD ==> 5000
MIG: 11:49:39 :  Invalid Param: DDR3_CLKFBOUT_MULT ==> 4
MIG: 11:49:39 :  Invalid Param: DDR3_DIVCLK_DIVIDE ==> 1
MIG: 11:49:40 :  Invalid Param: DDR3_CLKOUT0_PHASE ==> 337.5
MIG: 11:49:40 :  Invalid Param: DDR3_CLKOUT0_DIVIDE ==> 2
MIG: 11:49:40 :  Invalid Param: DDR3_CLKOUT1_DIVIDE ==> 2
MIG: 11:49:40 :  Invalid Param: DDR3_CLKOUT2_DIVIDE ==> 32
MIG: 11:49:40 :  Invalid Param: DDR3_CLKOUT3_DIVIDE ==> 8
MIG: 11:49:40 :  Invalid Param: DDR3_MMCM_VCO ==> 800
MIG: 11:49:40 :  Invalid Param: DDR3_MMCM_MULT_F ==> 8
MIG: 11:49:40 :  Invalid Param: DDR3_MMCM_DIVCLK_DIVIDE ==> 1
MIG: 11:49:40 :  Invalid Param: DDR3_MMCM_CLKOUT0_EN ==> "TRUE"
MIG: 11:49:40 :  Invalid Param: DDR3_MMCM_CLKOUT1_EN ==> "FALSE"
MIG: 11:49:40 :  Invalid Param: DDR3_MMCM_CLKOUT2_EN ==> "FALSE"
MIG: 11:49:40 :  Invalid Param: DDR3_MMCM_CLKOUT3_EN ==> "FALSE"
MIG: 11:49:40 :  Invalid Param: DDR3_MMCM_CLKOUT4_EN ==> "FALSE"
MIG: 11:49:40 :  Invalid Param: DDR3_MMCM_CLKOUT0_DIVIDE ==> 8.000
MIG: 11:49:40 :  Invalid Param: DDR3_MMCM_CLKOUT1_DIVIDE ==> 1
MIG: 11:49:40 :  Invalid Param: DDR3_MMCM_CLKOUT2_DIVIDE ==> 1
MIG: 11:49:40 :  Invalid Param: DDR3_MMCM_CLKOUT3_DIVIDE ==> 1
MIG: 11:49:40 :  Invalid Param: DDR3_MMCM_CLKOUT4_DIVIDE ==> 1
MIG: 11:49:40 :  Invalid Param: DDR3_tCKE ==> 5000
MIG: 11:49:40 :  Invalid Param: DDR3_tFAW ==> 30000
MIG: 11:49:40 :  Invalid Param: DDR3_tPRDI ==> 1_000_000
MIG: 11:49:40 :  Invalid Param: DDR3_tRAS ==> 35000
MIG: 11:49:40 :  Invalid Param: DDR3_tRCD ==> 13125
MIG: 11:49:40 :  Invalid Param: DDR3_tREFI ==> 7800000
MIG: 11:49:40 :  Invalid Param: DDR3_tRFC ==> 110000
MIG: 11:49:40 :  Invalid Param: DDR3_tRP ==> 13125
MIG: 11:49:40 :  Invalid Param: DDR3_tRRD ==> 6000
MIG: 11:49:40 :  Invalid Param: DDR3_tRTP ==> 7500
MIG: 11:49:40 :  Invalid Param: DDR3_tWTR ==> 7500
MIG: 11:49:40 :  Invalid Param: DDR3_tZQI ==> 128_000_000
MIG: 11:49:40 :  Invalid Param: DDR3_tZQCS ==> 64
MIG: 11:49:40 :  Invalid Param: DDR3_SIM_BYPASS_INIT_CAL ==> "OFF"
MIG: 11:49:40 :  Invalid Param: DDR3_SIMULATION ==> "FALSE"
MIG: 11:49:40 :  Invalid Param: DDR3_BYTE_LANES_B0 ==> 4'b1111
MIG: 11:49:40 :  Invalid Param: DDR3_BYTE_LANES_B1 ==> 4'b1110
MIG: 11:49:40 :  Invalid Param: DDR3_BYTE_LANES_B2 ==> 4'b1111
MIG: 11:49:40 :  Invalid Param: DDR3_BYTE_LANES_B3 ==> 4'b0000
MIG: 11:49:40 :  Invalid Param: DDR3_BYTE_LANES_B4 ==> 4'b0000
MIG: 11:49:40 :  Invalid Param: DDR3_DATA_CTL_B0 ==> 4'b1111
MIG: 11:49:40 :  Invalid Param: DDR3_DATA_CTL_B1 ==> 4'b0000
MIG: 11:49:40 :  Invalid Param: DDR3_DATA_CTL_B2 ==> 4'b1111
MIG: 11:49:40 :  Invalid Param: DDR3_DATA_CTL_B3 ==> 4'b0000
MIG: 11:49:40 :  Invalid Param: DDR3_DATA_CTL_B4 ==> 4'b0000
MIG: 11:49:40 :  Invalid Param: DDR3_PHY_0_BITLANES ==> 48'h3FE_3FE_3FE_2FF
MIG: 11:49:40 :  Invalid Param: DDR3_PHY_1_BITLANES ==> 48'hFFE_F30_CB4_000
MIG: 11:49:40 :  Invalid Param: DDR3_PHY_2_BITLANES ==> 48'h3FE_3FE_3FE_2FF
MIG: 11:49:40 :  Invalid Param: DDR3_CK_BYTE_MAP ==> 144'h00_00_00_00_00_00_00_00_00_00_00_00_00_00_00_00_00_12
MIG: 11:49:40 :  Invalid Param: DDR3_ADDR_MAP ==> 192'h000_000_132_136_135_133_139_124_131_129_137_134_13A_128_138_13B
MIG: 11:49:40 :  Invalid Param: DDR3_BANK_MAP ==> 36'h125_12A_12B
MIG: 11:49:40 :  Invalid Param: DDR3_CAS_MAP ==> 12'h115
MIG: 11:49:40 :  Invalid Param: DDR3_CKE_ODT_BYTE_MAP ==> 8'h00
MIG: 11:49:40 :  Invalid Param: DDR3_CKE_MAP ==> 96'h000_000_000_000_000_000_000_117
MIG: 11:49:40 :  Invalid Param: DDR3_ODT_MAP ==> 96'h000_000_000_000_000_000_000_112
MIG: 11:49:40 :  Invalid Param: DDR3_CS_MAP ==> 120'h000_000_000_000_000_000_000_000_000_114
MIG: 11:49:40 :  Invalid Param: DDR3_PARITY_MAP ==> 12'h000
MIG: 11:49:40 :  Invalid Param: DDR3_RAS_MAP ==> 12'h11A
MIG: 11:49:40 :  Invalid Param: DDR3_WE_MAP ==> 12'h11B
MIG: 11:49:40 :  Invalid Param: DDR3_DQS_BYTE_MAP ==> 144'h00_00_00_00_00_00_00_00_00_00_03_02_01_00_23_22_21_20
MIG: 11:49:40 :  Invalid Param: DDR3_DATA0_MAP ==> 96'h209_207_206_205_204_203_202_201
MIG: 11:49:40 :  Invalid Param: DDR3_DATA1_MAP ==> 96'h219_218_217_216_215_214_213_212
MIG: 11:49:40 :  Invalid Param: DDR3_DATA2_MAP ==> 96'h229_228_227_226_225_224_223_222
MIG: 11:49:40 :  Invalid Param: DDR3_DATA3_MAP ==> 96'h239_238_237_236_235_234_233_232
MIG: 11:49:40 :  Invalid Param: DDR3_DATA4_MAP ==> 96'h009_007_006_005_004_003_002_001
MIG: 11:49:40 :  Invalid Param: DDR3_DATA5_MAP ==> 96'h019_018_017_016_015_014_013_012
MIG: 11:49:40 :  Invalid Param: DDR3_DATA6_MAP ==> 96'h029_028_027_026_025_024_023_022
MIG: 11:49:40 :  Invalid Param: DDR3_DATA7_MAP ==> 96'h039_038_037_036_035_034_033_032
MIG: 11:49:40 :  Invalid Param: DDR3_DATA8_MAP ==> 96'h000_000_000_000_000_000_000_000
MIG: 11:49:40 :  Invalid Param: DDR3_DATA9_MAP ==> 96'h000_000_000_000_000_000_000_000
MIG: 11:49:40 :  Invalid Param: DDR3_DATA10_MAP ==> 96'h000_000_000_000_000_000_000_000
MIG: 11:49:40 :  Invalid Param: DDR3_DATA11_MAP ==> 96'h000_000_000_000_000_000_000_000
MIG: 11:49:40 :  Invalid Param: DDR3_DATA12_MAP ==> 96'h000_000_000_000_000_000_000_000
MIG: 11:49:40 :  Invalid Param: DDR3_DATA13_MAP ==> 96'h000_000_000_000_000_000_000_000
MIG: 11:49:40 :  Invalid Param: DDR3_DATA14_MAP ==> 96'h000_000_000_000_000_000_000_000
MIG: 11:49:40 :  Invalid Param: DDR3_DATA15_MAP ==> 96'h000_000_000_000_000_000_000_000
MIG: 11:49:40 :  Invalid Param: DDR3_DATA16_MAP ==> 96'h000_000_000_000_000_000_000_000
MIG: 11:49:40 :  Invalid Param: DDR3_DATA17_MAP ==> 96'h000_000_000_000_000_000_000_000
MIG: 11:49:40 :  Invalid Param: DDR3_MASK0_MAP ==> 108'h000_031_021_011_000_231_221_211_200
MIG: 11:49:40 :  Invalid Param: DDR3_MASK1_MAP ==> 108'h000_000_000_000_000_000_000_000_000
MIG: 11:49:40 :  Invalid Param: DDR3_SLOT_0_CONFIG ==> 8'b0000_0001
MIG: 11:49:40 :  Invalid Param: DDR3_SLOT_1_CONFIG ==> 8'b0000_0000
MIG: 11:49:40 :  Invalid Param: DDR3_IBUF_LPWR_MODE ==> "OFF"
MIG: 11:49:40 :  Invalid Param: DDR3_DATA_IO_IDLE_PWRDWN ==> "ON"
MIG: 11:49:40 :  Invalid Param: DDR3_BANK_TYPE ==> "HR_IO"
MIG: 11:49:40 :  Invalid Param: DDR3_DATA_IO_PRIM_TYPE ==> "HR_LP"
MIG: 11:49:40 :  Invalid Param: DDR3_CKE_ODT_AUX ==> "FALSE"
MIG: 11:49:40 :  Invalid Param: DDR3_USER_REFRESH ==> "OFF"
MIG: 11:49:40 :  Invalid Param: DDR3_WRLVL ==> "ON"
MIG: 11:49:40 :  Invalid Param: DDR3_ORDERING ==> "NORM"
MIG: 11:49:40 :  Invalid Param: DDR3_CALIB_ROW_ADD ==> 16'h0000
MIG: 11:49:40 :  Invalid Param: DDR3_CALIB_COL_ADD ==> 12'h000
MIG: 11:49:40 :  Invalid Param: DDR3_CALIB_BA_ADD ==> 3'h0
MIG: 11:49:40 :  Invalid Param: DDR3_TCQ ==> 100
MIG: 11:49:40 :  Invalid Param: DDR3_IDELAY_ADJ ==> "OFF"
MIG: 11:49:40 :  Invalid Param: DDR3_FINE_PER_BIT ==> "OFF"
MIG: 11:49:40 :  Invalid Param: DDR3_CENTER_COMP_MODE ==> "OFF"
MIG: 11:49:40 :  Invalid Param: DDR3_PI_VAL_ADJ ==> "OFF"
MIG: 11:49:40 :  Invalid Param: DDR3_IODELAY_GRP0 ==> "DESIGN_1_MIG_7SERIES_0_0_IODELAY_MIG0"
MIG: 11:49:40 :  Invalid Param: DDR3_IODELAY_GRP1 ==> "DESIGN_1_MIG_7SERIES_0_0_IODELAY_MIG1"
MIG: 11:49:40 :  Invalid Param: DDR3_SYSCLK_TYPE ==> "DIFFERENTIAL"
MIG: 11:49:40 :  Invalid Param: DDR3_REFCLK_TYPE ==> "USE_SYSTEM_CLOCK"
MIG: 11:49:40 :  Invalid Param: DDR3_SYS_RST_PORT ==> "FALSE"
MIG: 11:49:40 :  Invalid Param: DDR3_FPGA_SPEED_GRADE ==> 2
MIG: 11:49:40 :  Invalid Param: DDR3_CMD_PIPE_PLUS1 ==> "ON"
MIG: 11:49:40 :  Invalid Param: DDR3_DRAM_TYPE ==> "DDR3"
MIG: 11:49:40 :  Invalid Param: DDR3_CAL_WIDTH ==> "HALF"
MIG: 11:49:40 :  Invalid Param: DDR3_STARVE_LIMIT ==> 2
MIG: 11:49:40 :  Invalid Param: DDR3_REF_CLK_MMCM_IODELAY_CTRL ==> "FALSE"
MIG: 11:49:40 :  Invalid Param: DDR3_REFCLK_FREQ ==> 200.0
MIG: 11:49:40 :  Invalid Param: DDR3_DIFF_TERM_REFCLK ==> "TRUE"
MIG: 11:49:40 :  Invalid Param: DDR3_tCK ==> 2500
MIG: 11:49:40 : 
MIG: 11:49:40 :  Valid Param: DDR3_nCK_PER_CLK ==> 4
MIG: 11:49:40 :  Invalid Param: DDR3_DIFF_TERM_SYSCLK ==> "FALSE"
MIG: 11:49:40 : 
MIG: 11:49:40 :  Valid Param: UI_EXTRA_CLOCKS ==> TRUE
MIG: 11:49:40 : 
MIG: 11:49:40 :  Valid Param: C_S_AXI_ID_WIDTH ==> 1
MIG: 11:49:40 : 
MIG: 11:49:40 :  Valid Param: C_S_AXI_MEM_SIZE ==> 1073741824
MIG: 11:49:40 : 
MIG: 11:49:40 :  Valid Param: C_S_AXI_ADDR_WIDTH ==> 30
MIG: 11:49:40 : 
MIG: 11:49:40 :  Valid Param: C_S_AXI_DATA_WIDTH ==> 512
MIG: 11:49:40 :  Invalid Param: DDR3_C_MC_nCK_PER_CLK ==> 4
MIG: 11:49:40 :  Invalid Param: C_S_AXI_SUPPORTS_NARROW_BURST ==> 0
MIG: 11:49:40 :  Invalid Param: DDR3_C_RD_WR_ARB_ALGORITHM ==> "RD_PRI_REG"
MIG: 11:49:40 :  Invalid Param: C_S_AXI_REG_EN0 ==> 20'h00000
MIG: 11:49:40 :  Invalid Param: C_S_AXI_REG_EN1 ==> 20'h00000
MIG: 11:49:40 : 
MIG: 11:49:40 :  Valid Param: C_S_AXI_CTRL_ADDR_WIDTH ==> 32
MIG: 11:49:40 : 
MIG: 11:49:40 :  Valid Param: C_S_AXI_CTRL_DATA_WIDTH ==> 32
MIG: 11:49:40 :  Invalid Param: C_S_AXI_BASEADDR ==> 32'h0000_0000
MIG: 11:49:40 :  Invalid Param: C_ECC_ONOFF_RESET_VALUE ==> 1
MIG: 11:49:40 :  Invalid Param: C_ECC_CE_COUNTER_WIDTH ==> 8
MIG: 11:49:40 : 
MIG: 11:49:40 :  Valid Param: DDR3_DEBUG_PORT ==> OFF
MIG: 11:49:40 : 
MIG: 11:49:40 :  Invalid Param: DDR3_TEMP_MON_CONTROL ==> "INTERNAL"
MIG: 11:49:40 :  Invalid Param: DDR3_FPGA_VOLT_TYPE ==> "N"
MIG: 11:49:40 :  Invalid Param: DDR3_RST_ACT_LOW ==> 0
MIG: 11:49:40 : 
MIG: 11:49:40 : 
MIG: 11:49:40 : 
MIG: 11:49:40 : Same Interface
